<?xml version="1.0" encoding="UTF-8"?>
<!-- Generated by org.testng.reporters.JUnitReportReporter -->
<testsuite hostname="WKWIN5154091" failures="0" tests="1" name="com.qa.test.GetCircuitInfo" time="5.612" errors="0" timestamp="2020-01-26T22:24:13 IST" skipped="0">
  <testcase classname="com.qa.test.GetCircuitInfo" name="getInfo" time="5.612"/>
</testsuite> <!-- com.qa.test.GetCircuitInfo -->
