<?xml version="1.0" encoding="UTF-8"?>
<!-- Generated by org.testng.reporters.JUnitReportReporter -->
<testsuite hostname="WKWIN5154091" failures="0" tests="1" name="com.qa.restassured.test.PostConvertJsonToJavaObject" time="2.598" errors="0" timestamp="2019-09-27T21:50:58 IST" skipped="0">
  <testcase classname="com.qa.restassured.test.PostConvertJsonToJavaObject" name="postTest" time="2.598"/>
</testsuite> <!-- com.qa.restassured.test.PostConvertJsonToJavaObject -->
