<?xml version="1.0" encoding="UTF-8"?>
<!-- Generated by org.testng.reporters.JUnitReportReporter -->
<testsuite hostname="WKWIN5154091" failures="0" tests="1" name="com.qa.test.PostUserInfo" time="5.626" errors="0" timestamp="2020-01-27T21:47:52 IST" skipped="0">
  <testcase classname="com.qa.test.PostUserInfo" name="createUser" time="5.626"/>
</testsuite> <!-- com.qa.test.PostUserInfo -->
