<?xml version="1.0" encoding="UTF-8"?>
<!-- Generated by org.testng.reporters.JUnitReportReporter -->
<testsuite hostname="WKWIN5154091" failures="0" tests="1" name="com.qa.restassured.test.GetFormulaOneInfo" time="2.291" errors="0" timestamp="2019-10-05T23:24:54 IST" skipped="0">
  <testcase classname="com.qa.restassured.test.GetFormulaOneInfo" name="getCircuitInfo" time="2.291"/>
</testsuite> <!-- com.qa.restassured.test.GetFormulaOneInfo -->
