<?xml version="1.0" encoding="UTF-8"?>
<!-- Generated by org.testng.reporters.JUnitReportReporter -->
<testsuite hostname="WKWIN5154091" failures="0" tests="1" name="com.qa.restassured.test.GoRest" time="2.928" errors="0" timestamp="2019-10-05T22:15:03 IST" skipped="0">
  <testcase classname="com.qa.restassured.test.GoRest" name="getUserInfo" time="2.928"/>
</testsuite> <!-- com.qa.restassured.test.GoRest -->
