<?xml version="1.0" encoding="UTF-8"?>
<!-- Generated by org.testng.reporters.JUnitReportReporter -->
<testsuite hostname="WKWIN5154091" failures="0" tests="3" name="com.qa.restassured.test.RestAssuredPost" time="3.643" errors="0" timestamp="2019-09-27T17:05:24 IST" skipped="0">
  <testcase classname="com.qa.restassured.test.RestAssuredPost" name="restAssuredPostTest" time="0.667"/>
  <testcase classname="com.qa.restassured.test.RestAssuredPost" name="restAssuredPostTest" time="2.329"/>
  <testcase classname="com.qa.restassured.test.RestAssuredPost" name="restAssuredPostTest" time="0.647"/>
</testsuite> <!-- com.qa.restassured.test.RestAssuredPost -->
