<?xml version="1.0" encoding="UTF-8"?>
<!-- Generated by org.testng.reporters.JUnitReportReporter -->
<testsuite hostname="WKWIN5154091" failures="0" tests="1" name="com.qa.restassured.test.OpenWeatherMap" time="3.095" errors="0" timestamp="2019-09-27T13:00:13 IST" skipped="0">
  <testcase classname="com.qa.restassured.test.OpenWeatherMap" name="getWeatherDetailsTest" time="3.095"/>
</testsuite> <!-- com.qa.restassured.test.OpenWeatherMap -->
